<?xml version="1.0" encoding="UTF-8"?>
<testng-results ignored="0" total="1" passed="1" failed="0" skipped="0">
  <reporter-output>
  </reporter-output>
  <suite started-at="2024-04-25T21:06:01 IST" name="Default suite" finished-at="2024-04-25T21:06:15 IST" duration-ms="14003">
    <groups>
    </groups>
    <test started-at="2024-04-25T21:06:01 IST" name="Default test" finished-at="2024-04-25T21:06:15 IST" duration-ms="14003">
      <class name="com.apitesting.test.DeleteUserRequest">
        <test-method is-config="true" signature="setup()[pri:0, instance:com.apitesting.test.DeleteUserRequest@449a4f23]" started-at="2024-04-25T21:06:01 IST" name="setup" finished-at="2024-04-25T21:06:03 IST" duration-ms="1748" status="PASS">
          <reporter-output>
          </reporter-output>
        </test-method> <!-- setup -->
        <test-method signature="deleteAddedUserTest()[pri:0, instance:com.apitesting.test.DeleteUserRequest@449a4f23]" started-at="2024-04-25T21:06:03 IST" name="deleteAddedUserTest" finished-at="2024-04-25T21:06:15 IST" duration-ms="12110" status="PASS">
          <reporter-output>
          </reporter-output>
        </test-method> <!-- deleteAddedUserTest -->
      </class> <!-- com.apitesting.test.DeleteUserRequest -->
    </test> <!-- Default test -->
  </suite> <!-- Default suite -->
</testng-results>
